<?xml version="1.0" encoding="UTF-8"?>
<!-- Generated by org.testng.reporters.JUnitXMLReporter -->
<testsuite ignored="2" hostname="AsusX415" failures="0" tests="1" name="Test" time="7.018" errors="0" timestamp="2023-12-25T17:59:26 IST">
  <testcase classname="tests.LoginTest" name="loginTest" time="6.989"/>
  <testcase classname="pages.BaseClass" name="@AfterSuite stopApp" time="0.0">
    <ignored/>
  </testcase> <!-- @AfterSuite stopApp -->
  <testcase classname="pages.BaseClass" name="@BeforeSuite startApp" time="0.0">
    <ignored/>
  </testcase> <!-- @BeforeSuite startApp -->
</testsuite> <!-- Test -->
