<?xml version="1.0" encoding="UTF-8"?>
<testng-results ignored="0" total="1" passed="1" failed="0" skipped="0">
  <reporter-output>
  </reporter-output>
  <suite started-at="2023-12-25T17:59:19 IST" name="Suite" finished-at="2023-12-25T17:59:26 IST" duration-ms="7018">
    <groups>
    </groups>
    <test started-at="2023-12-25T17:59:19 IST" name="Test" finished-at="2023-12-25T17:59:26 IST" duration-ms="7018">
      <class name="tests.LoginTest">
        <test-method is-config="true" signature="startApp()[pri:0, instance:tests.LoginTest@313ac989]" started-at="2023-12-25T17:59:05 IST" name="startApp" finished-at="2023-12-25T17:59:19 IST" duration-ms="13623" status="PASS">
          <reporter-output>
          </reporter-output>
        </test-method> <!-- startApp -->
        <test-method signature="loginTest()[pri:0, instance:tests.LoginTest@313ac989]" started-at="2023-12-25T17:59:19 IST" name="loginTest" finished-at="2023-12-25T17:59:26 IST" duration-ms="6989" status="PASS">
          <reporter-output>
          </reporter-output>
        </test-method> <!-- loginTest -->
        <test-method is-config="true" signature="stopApp()[pri:0, instance:tests.LoginTest@313ac989]" started-at="2023-12-25T17:59:26 IST" name="stopApp" finished-at="2023-12-25T17:59:26 IST" duration-ms="150" status="PASS">
          <reporter-output>
          </reporter-output>
        </test-method> <!-- stopApp -->
      </class> <!-- tests.LoginTest -->
    </test> <!-- Test -->
  </suite> <!-- Suite -->
</testng-results>
